PRT1
29
93
4 0 11 (512 0 384.444000 ) (0 0 384.444000 ) (0 0 -2.443590 ) (512 0 -2.443590 ) 
4 0 3 (0 0 -2.443590 ) (0 0 384.444000 ) (0 256 384.444000 ) (0 256 -2.443590 ) 
4 0 1 (0 256 384.444000 ) (0 512 384.444000 ) (0 512 -2.443590 ) (0 256 -2.443590 ) 
4 1 3 (-384 256 -2.443590 ) (0 256 -2.443590 ) (0 256 384.444000 ) (-384 256 384.444000 ) 
4 1 2 (-384 512 384.444000 ) (-384 512 255 ) (-384 256 255 ) (-384 256 384.444000 ) 
4 2 4 (-511 256 255 ) (-385 256 255 ) (-385 256 384.444000 ) (-511 256 384.444000 ) 
4 2 3 (-385 256 255 ) (-384 256 255 ) (-384 256 384.444000 ) (-385 256 384.444000 ) 
4 2 10 (-512 256 384.444000 ) (-512 256 255 ) (-511 256 255 ) (-511 256 384.444000 ) 
4 3 12 (0 0 -2.443590 ) (0 0 384.444000 ) (-385 0 384.444000 ) (-385 0 -2.443590 ) 
4 3 9 (-385 121.594757 -2.443590 ) (-385 0 -2.443590 ) (-385 0 164.228745 ) (-385 61 184.048996 ) 
3 3 8 (-385 0 165.280136 ) (-385 0 371.788818 ) (-385 60.691006 185 ) 
4 3 7 (-385 60.992203 187.528992 ) (-385 59.976517 187.198975 ) (-385 59.667519 188.149979 ) (-385 60.683205 188.479996 ) 
4 3 6 (-385 256 251.942795 ) (-385 256 250.891357 ) (-385 158 219.048981 ) (-385 157.690994 220 ) 
4 3 5 (-385 256 250.891357 ) (-385 256 -2.443590 ) (-385 121.594757 -2.443590 ) (-385 59.976517 187.198975 ) 
5 3 4 (-385 256 384.444000 ) (-385 256 251.942795 ) (-385 59.667519 188.149979 ) (-385 0 371.788818 ) (-385 0 384.444000 ) 
4 4 20 (-385 0 384.444000 ) (-511 0 384.444000 ) (-511 0 371.788818 ) (-385 0 371.788818 ) 
4 4 8 (-511 0 371.790894 ) (-511 59.668137 188.150177 ) (-385 59.668140 188.150177 ) (-385 0 371.790894 ) 
4 4 7 (-385 59.667873 188.149307 ) (-511 59.667873 188.149307 ) (-511 60.683426 188.479279 ) (-385 60.683426 188.479279 ) 
4 4 6 (-511 157.691223 220 ) (-511 256 251.942001 ) (-385 256 251.942001 ) (-385 157.691223 220 ) 
5 4 10 (-511 256 384.444000 ) (-511 256 251.942795 ) (-511 59.667519 188.149979 ) (-511 0 371.788818 ) (-511 0 384.444000 ) 
4 5 9 (-511 61 184.049194 ) (-511 121.595444 -2.443590 ) (-385 121.595444 -2.443590 ) (-385 61 184.049194 ) 
4 5 8 (-511 59.977135 187.199173 ) (-511 60.691620 185 ) (-385 60.691624 185 ) (-385 59.977139 187.199173 ) 
4 5 7 (-511 60.992458 187.528214 ) (-511 59.976475 187.198105 ) (-385 59.976475 187.198105 ) (-385 60.992458 187.528214 ) 
4 5 6 (-511 256 250.890503 ) (-511 158 219.048203 ) (-385 158 219.048203 ) (-385 256 250.890503 ) 
4 5 10 (-511 256 250.891357 ) (-511 256 -2.443590 ) (-511 121.594757 -2.443590 ) (-511 59.976517 187.198975 ) 
4 6 10 (-511 256 251.942795 ) (-511 256 250.891357 ) (-511 158 219.048981 ) (-511 157.690994 220 ) 
4 7 8 (-511 59.668137 188.150177 ) (-511 59.977135 187.199173 ) (-385 59.977139 187.199173 ) (-385 59.668140 188.150177 ) 
4 7 10 (-511 60.992203 187.528992 ) (-511 59.976517 187.198975 ) (-511 59.667519 188.149979 ) (-511 60.683205 188.479996 ) 
4 8 20 (-511 0 371.788818 ) (-511 0 165.280136 ) (-385 0 165.280136 ) (-385 0 371.788818 ) 
3 8 10 (-511 0 165.280136 ) (-511 0 371.788818 ) (-511 60.691006 185 ) 
4 9 26 (-511 0 153.348770 ) (-511 0 152.297714 ) (-385 0 152.297714 ) (-385 0 153.348770 ) 
4 9 25 (-511 0 152.297714 ) (-511 0 -2.443590 ) (-385 0 -2.443590 ) (-385 0 152.297714 ) 
4 9 21 (-511 0 164.228745 ) (-511 0 153.348770 ) (-385 0 153.348770 ) (-385 0 164.228745 ) 
4 9 10 (-511 121.594757 -2.443590 ) (-511 0 -2.443590 ) (-511 0 164.228745 ) (-511 61 184.048996 ) 
4 10 28 (-511 0 384.444000 ) (-512 0 384.444000 ) (-512 0 -2.443590 ) (-511 0 -2.443590 ) 
4 11 12 (0 0 384.444000 ) (0 0 -2.443590 ) (0 -512 -2.443590 ) (0 -512 384.444000 ) 
4 12 27 (-385 -424.007996 14.529200 ) (-385 -476.244873 -2.443590 ) (-385 -479.481262 -2.443590 ) (-385 -424.316986 15.480310 ) 
4 12 26 (-385 0 153.348785 ) (-385 0 152.297714 ) (-385 -327 46.048992 ) (-385 -327.308990 47 ) 
3 12 25 (-385 0 152.297714 ) (-385 0 -2.443590 ) (-385 -476.244873 -2.443590 ) 
4 12 24 (-385 -36 149.048996 ) (-385 -33.826008 142.358093 ) (-385 -130.834030 110.838379 ) (-385 -133.007980 117.529007 ) 
4 12 23 (-385 -219.735565 384.444000 ) (-385 -112.484016 384.444000 ) (-385 -36.308998 150 ) (-385 -133.316986 118.480003 ) 
4 12 22 (-385 -36.007805 152.529007 ) (-385 -37.023495 152.198990 ) (-385 -37.332485 153.149979 ) (-385 -36.316799 153.479996 ) 
4 12 21 (-385 0 164.228745 ) (-385 0 153.348785 ) (-385 -33.826008 142.358093 ) (-385 -37.023495 152.198990 ) 
4 12 20 (-385 -112.484016 384.444000 ) (-385 0 384.444000 ) (-385 0 165.280136 ) (-385 -37.332485 153.149979 ) 
4 12 19 (-385 -327.007996 48.529209 ) (-385 -483.886169 -2.443590 ) (-385 -487.122803 -2.443590 ) (-385 -327.316986 49.480305 ) 
4 12 18 (-385 -229.994919 80.050659 ) (-385 -229.574203 78.755859 ) (-385 -479.481262 -2.443590 ) (-385 -483.886169 -2.443590 ) 
5 12 17 (-385 -512 384.444000 ) (-385 -328.900970 384.444000 ) (-385 -230.303925 81.001656 ) (-385 -487.122803 -2.443590 ) (-385 -512 -2.443590 ) 
4 12 16 (-385 -230.007996 82.529205 ) (-385 -230.724609 82.296364 ) (-385 -231.033646 83.247459 ) (-385 -230.317001 83.480309 ) 
4 12 15 (-385 -132.293472 115.329971 ) (-385 -131.984467 114.378975 ) (-385 -133 114.049011 ) (-385 -133.309006 115 ) 
4 12 14 (-385 -131.984467 114.378975 ) (-385 -130.834030 110.838379 ) (-385 -229.574203 78.755859 ) (-385 -230.724609 82.296364 ) 
4 12 13 (-385 -328.900970 384.444000 ) (-385 -219.735565 384.444000 ) (-385 -132.293472 115.329971 ) (-385 -231.033646 83.247459 ) 
4 13 28 (-511 -328.900970 384.444000 ) (-511 -219.735565 384.444000 ) (-511 -132.293472 115.329971 ) (-511 -231.033646 83.247459 ) 
4 13 24 (-511 -132.294022 115.329788 ) (-511 -133.008545 117.528824 ) (-385 -133.008545 117.528824 ) (-385 -132.294022 115.329796 ) 
4 13 23 (-511 -133.317551 118.479820 ) (-511 -219.736176 384.444000 ) (-385 -219.736176 384.444000 ) (-385 -133.317551 118.479836 ) 
4 13 17 (-385 -231.032684 83.247780 ) (-385 -328.899872 384.444000 ) (-511 -328.899872 384.444000 ) (-511 -231.032669 83.247772 ) 
4 13 16 (-385 -231.032364 83.248154 ) (-511 -231.032364 83.248154 ) (-511 -230.317078 83.480560 ) (-385 -230.317078 83.480560 ) 
4 13 15 (-511 -133.309082 115 ) (-511 -132.293564 115.330223 ) (-385 -132.293564 115.330223 ) (-385 -133.309097 115 ) 
4 14 28 (-511 -131.984467 114.378975 ) (-511 -130.834030 110.838379 ) (-511 -229.574203 78.755859 ) (-511 -230.724609 82.296364 ) 
4 14 26 (-511 -229.573975 78.755142 ) (-511 -130.833801 110.837662 ) (-385 -130.833817 110.837654 ) (-385 -229.573975 78.755142 ) 
4 14 24 (-385 -130.834595 110.838211 ) (-511 -130.834595 110.838211 ) (-511 -131.985016 114.378792 ) (-385 -131.985016 114.378799 ) 
4 14 18 (-511 -229.573196 78.756073 ) (-385 -229.573196 78.756073 ) (-385 -229.993942 80.050980 ) (-511 -229.993942 80.050972 ) 
4 14 17 (-385 -230.302948 81.001961 ) (-385 -230.723648 82.296684 ) (-511 -230.723633 82.296677 ) (-511 -230.302948 81.001968 ) 
4 14 16 (-511 -230.008041 82.529343 ) (-511 -230.723724 82.296799 ) (-385 -230.723724 82.296799 ) (-385 -230.008041 82.529343 ) 
4 14 15 (-385 -131.984512 114.379112 ) (-511 -131.984512 114.379112 ) (-511 -133 114.049149 ) (-385 -133 114.049149 ) 
4 15 28 (-511 -132.293472 115.329971 ) (-511 -131.984467 114.378975 ) (-511 -133 114.049011 ) (-511 -133.309006 115 ) 
4 15 24 (-511 -131.985016 114.378792 ) (-511 -132.294022 115.329788 ) (-385 -132.294022 115.329796 ) (-385 -131.985016 114.378799 ) 
4 16 28 (-511 -230.007996 82.529205 ) (-511 -230.724609 82.296364 ) (-511 -231.033646 83.247459 ) (-511 -230.317001 83.480309 ) 
4 16 17 (-385 -230.723648 82.296684 ) (-385 -231.032684 83.247780 ) (-511 -231.032669 83.247772 ) (-511 -230.723633 82.296677 ) 
5 17 28 (-511 -512 384.444000 ) (-511 -328.900970 384.444000 ) (-511 -230.303925 81.001656 ) (-511 -487.122803 -2.443590 ) (-511 -512 -2.443590 ) 
4 17 19 (-385 -487.122009 -2.443590 ) (-511 -487.122009 -2.443590 ) (-511 -327.316895 49.480072 ) (-385 -327.316895 49.480072 ) 
4 18 28 (-511 -229.994919 80.050659 ) (-511 -229.574203 78.755859 ) (-511 -479.481262 -2.443590 ) (-511 -483.886169 -2.443590 ) 
4 18 27 (-385 -479.478851 -2.443590 ) (-511 -479.478851 -2.443590 ) (-511 -424.316772 15.479596 ) (-385 -424.316772 15.479598 ) 
4 18 26 (-511 -327.308746 47 ) (-511 -229.573975 78.755142 ) (-385 -229.573975 78.755142 ) (-385 -327.308777 47 ) 
4 18 19 (-511 -327.007843 48.528767 ) (-511 -483.884644 -2.443590 ) (-385 -483.884644 -2.443590 ) (-385 -327.007843 48.528767 ) 
4 19 28 (-511 -327.007996 48.529209 ) (-511 -483.886169 -2.443590 ) (-511 -487.122803 -2.443590 ) (-511 -327.316986 49.480305 ) 
4 20 28 (-511 -112.484016 384.444000 ) (-511 0 384.444000 ) (-511 0 165.280136 ) (-511 -37.332485 153.149979 ) 
4 20 23 (-385 -37.332268 153.150040 ) (-385 -112.483788 384.444000 ) (-511 -112.483788 384.444000 ) (-511 -37.332272 153.150055 ) 
4 20 22 (-385 -37.332443 153.148804 ) (-511 -37.332443 153.148804 ) (-511 -36.316452 153.478928 ) (-385 -36.316452 153.478928 ) 
4 21 28 (-511 0 164.228745 ) (-511 0 153.348785 ) (-511 -33.826008 142.358093 ) (-511 -37.023495 152.198990 ) 
4 21 26 (-511 -33.825775 142.357376 ) (-511 0 153.347992 ) (-385 0 153.347992 ) (-385 -33.825771 142.357376 ) 
4 21 24 (-511 -33.825768 142.358078 ) (-385 -33.825768 142.358078 ) (-385 -36 149.049057 ) (-511 -36 149.049057 ) 
4 21 23 (-385 -36.308788 150 ) (-385 -37.023277 152.199051 ) (-511 -37.023273 152.199051 ) (-511 -36.308784 150 ) 
4 21 22 (-511 -36.008011 152.529648 ) (-511 -37.023849 152.199585 ) (-385 -37.023849 152.199585 ) (-385 -36.008011 152.529648 ) 
4 22 28 (-511 -36.007805 152.529007 ) (-511 -37.023495 152.198990 ) (-511 -37.332485 153.149979 ) (-511 -36.316799 153.479996 ) 
4 22 23 (-385 -37.023277 152.199051 ) (-385 -37.332268 153.150040 ) (-511 -37.332272 153.150055 ) (-511 -37.023273 152.199051 ) 
4 23 28 (-511 -219.735565 384.444000 ) (-511 -112.484016 384.444000 ) (-511 -36.308998 150 ) (-511 -133.316986 118.480003 ) 
4 24 28 (-511 -36 149.048996 ) (-511 -33.826008 142.358093 ) (-511 -130.834030 110.838379 ) (-511 -133.007980 117.529007 ) 
4 24 26 (-511 -130.833801 110.837662 ) (-511 -33.825775 142.357376 ) (-385 -33.825771 142.357376 ) (-385 -130.833817 110.837654 ) 
3 25 28 (-511 0 152.297714 ) (-511 0 -2.443590 ) (-511 -476.244873 -2.443590 ) 
4 25 27 (-511 -424.007660 14.528192 ) (-511 -476.241455 -2.443590 ) (-385 -476.241455 -2.443590 ) (-385 -424.007660 14.528191 ) 
4 25 26 (-511 0 152.296600 ) (-511 -327 46.047997 ) (-385 -327 46.047993 ) (-385 0 152.296600 ) 
4 26 28 (-511 0 153.348785 ) (-511 0 152.297714 ) (-511 -327 46.048992 ) (-511 -327.308990 47 ) 
4 27 28 (-511 -424.007996 14.529200 ) (-511 -476.244873 -2.443590 ) (-511 -479.481262 -2.443590 ) (-511 -424.316986 15.480310 ) 
