================== VBSP ==================



materialPath: c:\program files (x86)\steam\steamapps\weret\half-life 2 episode two\ep2\materials
Loading C:\DevDocs\games\modularcombat_source_release\mapsrc\mc_outdoors\mc_outdoors_wip.vmf
material "plastic/plasticbars001" not found.
Material not found!: PLASTIC/PLASTICBARS001
ConVarRef mat_reduceparticles doesn't point to an existing ConVar
material "concrete/concrete_bts_ceiling001a" not found.
Material not found!: CONCRETE/CONCRETE_BTS_CEILING001A
Could not locate 'GameData' key in c:\program files (x86)\steam\steamapps\weret\half-life 2 episode two\ep2\gameinfo.txt
fixing up env_cubemap materials on brush sides...
0...1...2...3...4...5...6...7...8...9...100...1...2...3...4...5...6...7...8...9...10Processing areas...done (0)
Building Faces...done (0)
Chop Details...done (0)
Find Visible Detail Sides...done (0)
Merging details...done (0)
FixTjuncs...
PruneNodes...
WriteBSP...
done (0)
writing C:\DevDocs\games\modularcombat_source_release\mapsrc\mc_outdoors\mc_outdoors_wip.prt...Building visibility clusters...
done (1)
Creating default LDR cubemaps for env_cubemap using skybox materials:
   skybox/sky_day01_01*.vmt
 ! Run buildcubemaps in the engine to get the correct cube maps.
Creating default HDR cubemaps for env_cubemap using skybox materials:
   skybox/sky_day01_01*.vmt
 ! Run buildcubemaps in the engine to get the correct cube maps.
Finding displacement neighbors...
Finding lightmap sample positions...
Displacement Alpha : 0...1...2...3...4...5...6...7...8...9...10
material "overlays/stain_oil_03" not found.
Building Physics collision data...
done (0) (34140 bytes)
Error loading studio model "models/props/128_fuse_set02/128_fuse_set02.mdl"!
Placing detail props : 0...1...2...3...4...5...6...7...8...9...10
Compacting texture/material tables...
Reduced 261 texinfos to 161
Reduced 34 texdatas to 25 (1019 bytes to 768)
Writing C:\DevDocs\games\modularcombat_source_release\mapsrc\mc_outdoors\mc_outdoors_wip.bsp
2 seconds elapsed

================== VVIS ==================




4 threads
reading c:\devdocs\games\modularcombat_source_release\mapsrc\mc_outdoors\mc_outdoors_wip.bsp
reading c:\devdocs\games\modularcombat_source_release\mapsrc\mc_outdoors\mc_outdoors_wip.prt
 410 portalclusters
1611 numportals
0...1...2...3...4...5...6...7...8...9...10Optimized: 3504 visible clusters (0.00%)
Total clusters visible: 149338
Average clusters visible: 364
Building PAS...
Average clusters audible: 410
visdatasize:45603  compressed from 45920
writing c:\devdocs\games\modularcombat_source_release\mapsrc\mc_outdoors\mc_outdoors_wip.bsp
0 seconds elapsed

================== VRAD ==================




[Reading texlights from 'lights.rad']
[48 texlights parsed from 'lights.rad']

Loading c:\devdocs\games\modularcombat_source_release\mapsrc\mc_outdoors\mc_outdoors_wip.bsp
1053 faces
14 degenerate faces
456425 square feet [65725288.00 square inches]
6 Displacements
52182 Square Feet [7514310.50 Square Inches]
1039 patches before subdivision
15231 patches after subdivision
17 direct lights
0...1...2...3...4...5...6...7...8...9...100...1...2...3...4...5...6...7...8...9...10transfers 362528, max 364
transfer lists:   2.8 megs
0...1...2...3...4...5...6...7...8...9...10	Bounce #1 added RGB(2971, 2462, 2057)
0...1...2...3...4...5...6...7...8...9...10	Bounce #2 added RGB(416, 316, 240)
0...1...2...3...4...5...6...7...8...9...10	Bounce #3 added RGB(56, 40, 28)
0...1...2...3...4...5...6...7...8...9...10	Bounce #4 added RGB(8, 5, 3)
0...1...2...3...4...5...6...7...8...9...10	Bounce #5 added RGB(1, 1, 0)
0...1...2...3...4...5...6...7...8...9...10	Bounce #6 added RGB(0, 0, 0)
Build Patch/Sample Hash Table(s).....Done<0.0201 sec>
0...1...2...3...4...5...6...7...8...9...10FinalLightFace Done
0 of 0 (0% of) surface lights went in leaf ambient cubes.
0...1...2...3...4...5...6...7...8...9...10Writing leaf ambient...done
Ready to Finish

Object names       Objects/Maxobjs  Memory / Maxmem  Fullness 
------------       ---------------  ---------------  -------- 
models                   1/1024           48/49152    ( 0.1%) 
brushes                 91/8192         1092/98304    ( 1.1%) 
brushsides             598/65536        4784/524288   ( 0.9%) 
planes                 556/65536       11120/1310720  ( 0.8%) 
vertexes              1580/65536       18960/786432   ( 2.4%) 
nodes                  693/65536       22176/2097152  ( 1.1%) 
texinfos               161/12288       11592/884736   ( 1.3%) 
texdata                 25/2048          800/65536    ( 1.2%) 
dispinfos                6/0            1056/0        ( 0.0%) 
disp_verts            1734/0           34680/0        ( 0.0%) 
disp_tris             3072/0            6144/0        ( 0.0%) 
disp_lmsamples       92643/0           92643/0        ( 0.0%) 
faces                 1053/65536       58968/3670016  ( 1.6%) 
hdr faces                0/65536           0/3670016  ( 0.0%) 
origfaces              373/65536       20888/3670016  ( 0.6%) 
leaves                 695/65536       22240/2097152  ( 1.1%) 
leaffaces             1265/65536        2530/131072   ( 1.9%) 
leafbrushes            402/65536         804/131072   ( 0.6%) 
areas                    2/256            16/2048     ( 0.8%) 
surfedges             6450/512000      25800/2048000  ( 1.3%) 
edges                 3410/256000      13640/1024000  ( 1.3%) 
LDR worldlights         17/8192         1496/720896   ( 0.2%) 
HDR worldlights          0/8192            0/720896   ( 0.0%) 
leafwaterdata            1/32768          12/393216   ( 0.0%) 
waterstrips             87/32768         870/327680   ( 0.3%) 
waterverts               0/65536           0/786432   ( 0.0%) 
waterindices          1341/65536        2682/131072   ( 2.0%) 
cubemapsamples           1/1024           16/16384    ( 0.1%) 
overlays                20/512          7040/180224   ( 3.9%) 
LDR lightdata         [variable]      587500/0        ( 0.0%) 
HDR lightdata         [variable]           0/0        ( 0.0%) 
visdata               [variable]       45603/16777216 ( 0.3%) 
entdata               [variable]       28513/393216   ( 7.3%) 
LDR ambient table      695/65536        2780/262144   ( 1.1%) 
HDR ambient table      695/65536        2780/262144   ( 1.1%) 
LDR leaf ambient      3423/65536       95844/1835008  ( 5.2%) 
HDR leaf ambient       695/65536       19460/1835008  ( 1.1%) 
occluders                0/0               0/0        ( 0.0%) 
occluder polygons        0/0               0/0        ( 0.0%) 
occluder vert ind        0/0               0/0        ( 0.0%) 
detail props          [variable]           1/12       ( 8.3%) 
static props          [variable]           1/5072     ( 0.0%) 
pakfile               [variable]      213856/0        ( 0.0%) 
physics               [variable]       34140/4194304  ( 0.8%) 
physics terrain       [variable]        1708/1048576  ( 0.2%) 

Level flags = 0

Total triangle count: 2864
Writing c:\devdocs\games\modularcombat_source_release\mapsrc\mc_outdoors\mc_outdoors_wip.bsp
18 seconds elapsed
