"blank"			"=========================="
"blank"			"MODULAR COMBAT"
"blank"			"=========================="
"mcmenu"				"Modular Combat Menu"
"inv_use"				"Activate Module"
"inv_next"				"Next Module"
"inv_prev"				"Previous Module"
"vote 1"				"Vote option 1"
"vote 2"				"Vote option 2"
"vote 3"				"Vote option 3"
"vote 4"				"Vote option 4"
"vote 5"				"Vote option 5"
"vote 6"				"Vote option 6"
"vote 7"				"Vote option 7"
"vote 8"				"Vote option 8"
"blank"			"=========================="
"blank"			"MOVEMENT MODULES"
"blank"			"=========================="
"+do jetpack"			"Jetpack"
"+do teleport"			"Teleport"
"blank"			"=========================="
"blank"			"ACTIVE MODULES"
"blank"			"=========================="
"+do damage_amp"			"Damage Amp"
"+do attrition"			"Attrition"
"+do heald"				"HEALD"
"+do cloak"				"Cloak"
"+do crow"				"Crow Launcher"
"+do energyball"			"Energy Ball Emitter"
"+do flechette"			"Flechette Launcher"
"+do poisonspit"		"Poison Spit"
"blank"			"=========================="
"blank"			"TECH MODULES"
"blank"			"=========================="
"+do laser"				"Lasers"
"destroylasers"			"Destroy Lasers"
"+do magmine"			"Magnetic Mine"
"+do mirv"				"Throw MIRV Grenade"
"+do incendiary"			"Throw Incendiary Grenade"
"+do freeze_bomb"			"Throw Freeze Bomb"
"blank"			"=========================="
"blank"			"MINION MODULES"
"blank"			"=========================="
"minionstance"			"Cycle Minion Stance"
"minionstance 1"		 	"Minion Stance: Defensive"
"minionstance 2" 			"Minion Stance: Balanced"
"minionstance 3" 		"Minion Stance: Roaming"
"destroyminions"		"Destroy Minions"
"+do minion_zombie"		"Zombie"
"+do minion_fastzombie"	"Fast Zombie"
"+do minion_antlion"		"Antlion"
"+do minion_antlion_worker"		"Antlion Worker"
"+do minion_fastheadcrab"	"Fast Headcrab"
"+do minion_vortigaunt"	"Vortigaunt"
"+do minion_manhack"		"Manhack"
"blank"			"=========================="
"blank"			"#Valve_Movement_Title"
"blank"			"=========================="
"+forward"				"#Valve_Move_Forward"
"+back"				"#Valve_Move_Back"
"+moveleft"				"#Valve_Move_Left"
"+moveright"			"#Valve_Move_Right"
"+speed"             		"#Valve_Sprint"
"+jump"				"#Valve_Jump"
"+duck"				"#Valve_Duck"
"blank"			"=========================="
"blank"			"#Valve_Combat_Title"
"blank"			"=========================="
"+attack"				"#Valve_Primary_Attack"
"+attack2"				"#Valve_Secondary_Attack"
"+reload"				"#Valve_Reload_Weapon"
"+use"				"#Valve_Use_Items"
"phys_swap"				"#Valve_Gravity_Gun"
"impulse 100"			"#Valve_Flashlight"
"+zoom"				"#Valve_Suit_Zoom"
"slot1"				"#Valve_Weapon_Category_1"
"slot2"				"#Valve_Weapon_Category_2"
"slot3" 				"#Valve_Weapon_Category_3"
"slot4"				"#Valve_Weapon_Category_4"
"slot5"				"#Valve_Weapon_Category_5"
"slot6"				"#Valve_Weapon_Category_6"
"invnext"				"#Valve_Next_Weapon"
"invprev"				"#Valve_Previous_Weapon"
"lastinv"				"#Valve_Last_Weapon_Used"
"blank"			"=========================="
"blank"			"#Valve_Communication_Title"
"blank"			"=========================="
"+voicerecord"			"#Valve_Use_Voice_Communication"
"messagemode"			"#Valve_Chat_Message"
"messagemode2"			"#Valve_Team_Message"
"blank"			"=========================="
"blank"			"#Valve_Miscellaneous_Title"
"blank"			"=========================="
"jpeg"				"#Valve_Take_Screen_Shot"
"+showscores"			"#Valve_Display_Scores"
"impulse 201"			"#Valve_Spray_Logo"
"pause"				"#Valve_Pause_Game"
"quit"				"#Valve_Quit_Game"
"blank"			"=========================="
"blank"			"#Valve_Miscellaneous_Keyboard_Keys_Title"
"blank"			"=========================="
"mp3"			"#mp3player"
"+walk"             		"#Valve_Walk"
"+left"				"#Valve_Turn_Left"
"+right"				"#Valve_Turn_Right"
"+moveup"				"#Valve_Swim_Up"
"+movedown"				"#Valve_Swim_Down"
"+lookup"				"#Valve_Look_Up"
"+lookdown"				"#Valve_Look_Down"
"+strafe"				"#Valve_Strafe_Modifier"
"+klook"				"#Valve_Keyboard_Look_Modifier"

